Copyright 1986-2014 Xilinx, Inc. All Rights Reserved.
------------------------------------------------------------------------------------
| Tool Version : Vivado v.2014.4 (win64) Build 1071353 Tue Nov 18 18:24:04 MST 2014
| Date         : Fri Nov 20 16:59:57 2015
| Host         : SDPC117 running 64-bit Service Pack 1  (build 7601)
| Command      : report_drc
------------------------------------------------------------------------------------

Report DRC

Table of Contents
-----------------
1. REPORT SUMMARY
2. REPORT DETAILS

1. REPORT SUMMARY
-----------------
            Netlist: netlist
          Floorplan: design_1
      Design limits: <entire design considered>
           Ruledeck: default
           Max violations: <unlimited>
         Violations found: 11

2. REPORT DETAILS
-----------------
CFGBVS-1#1 Warning
Missing CFGBVS and CONFIG_VOLTAGE Design Properties  
Neither the CFGBVS nor CONFIG_VOLTAGE voltage property is set in the current_design.  Configuration bank voltage select (CFGBVS) must be set to VCCO or GND, and CONFIG_VOLTAGE must be set to the correct configuration voltage, in order to determine the I/O voltage support for the pins in bank 0.  It is suggested to specify these either using the 'Edit Device Properties' function in the GUI or directly in the XDC file using the following syntax:

 set_property CFGBVS value1 [current_design]
 #where value1 is either VCCO or GND

 set_property CONFIG_VOLTAGE value2 [current_design]
 #where value2 is the voltage provided to configuration bank 0

Refer to the device configuration user guide for more information.
Related violations: <none>

PLIO-3#1 Warning
Placement Constraints Check for IO constraints  
Partially locked IO Bus is found. Following components of the IO Bus fmc1_in[LA_n][33:0] are not locked:  fmc1_in[LA_n][32] fmc1_in[LA_n][31] fmc1_in[LA_n][30] fmc1_in[LA_n][29] fmc1_in[LA_n][28] fmc1_in[LA_n][27] fmc1_in[LA_n][26] fmc1_in[LA_n][25] fmc1_in[LA_n][24] fmc1_in[LA_n][23] fmc1_in[LA_n][22] fmc1_in[LA_n][21] fmc1_in[LA_n][19] fmc1_in[LA_n][18] fmc1_in[LA_n][17] fmc1_in[LA_n][15] fmc1_in[LA_n][14] fmc1_in[LA_n][13] fmc1_in[LA_n][12] fmc1_in[LA_n][11] fmc1_in[LA_n][10] fmc1_in[LA_n][9] fmc1_in[LA_n][8] fmc1_in[LA_n][7] fmc1_in[LA_n][6] fmc1_in[LA_n][5] fmc1_in[LA_n][4] fmc1_in[LA_n][2] fmc1_in[LA_n][1]
Related violations: <none>

PLIO-3#2 Warning
Placement Constraints Check for IO constraints  
Partially locked IO Bus is found. Following components of the IO Bus fmc1_in[LA_p][33:0] are not locked:  fmc1_in[LA_p][32] fmc1_in[LA_p][31] fmc1_in[LA_p][30] fmc1_in[LA_p][29] fmc1_in[LA_p][28] fmc1_in[LA_p][27] fmc1_in[LA_p][26] fmc1_in[LA_p][25] fmc1_in[LA_p][24] fmc1_in[LA_p][23] fmc1_in[LA_p][22] fmc1_in[LA_p][21] fmc1_in[LA_p][19] fmc1_in[LA_p][18] fmc1_in[LA_p][17] fmc1_in[LA_p][15] fmc1_in[LA_p][14] fmc1_in[LA_p][13] fmc1_in[LA_p][12] fmc1_in[LA_p][11] fmc1_in[LA_p][10] fmc1_in[LA_p][9] fmc1_in[LA_p][8] fmc1_in[LA_p][7] fmc1_in[LA_p][6] fmc1_in[LA_p][5] fmc1_in[LA_p][4] fmc1_in[LA_p][2] fmc1_in[LA_p][1]
Related violations: <none>

PLIO-3#3 Warning
Placement Constraints Check for IO constraints  
Partially locked IO Bus is found. Following components of the IO Bus fmc1_out[LA_n][33:0] are not locked:  fmc1_out[LA_n][33] fmc1_out[LA_n][32] fmc1_out[LA_n][31] fmc1_out[LA_n][27] fmc1_out[LA_n][26] fmc1_out[LA_n][25] fmc1_out[LA_n][23] fmc1_out[LA_n][22] fmc1_out[LA_n][21] fmc1_out[LA_n][20] fmc1_out[LA_n][19] fmc1_out[LA_n][18] fmc1_out[LA_n][17] fmc1_out[LA_n][16] fmc1_out[LA_n][14] fmc1_out[LA_n][13] fmc1_out[LA_n][12] fmc1_out[LA_n][11] fmc1_out[LA_n][10] fmc1_out[LA_n][3] fmc1_out[LA_n][2] fmc1_out[LA_n][1] fmc1_out[LA_n][0]
Related violations: <none>

PLIO-3#4 Warning
Placement Constraints Check for IO constraints  
Partially locked IO Bus is found. Following components of the IO Bus fmc1_out[LA_p][33:0] are not locked:  fmc1_out[LA_p][33] fmc1_out[LA_p][32] fmc1_out[LA_p][31] fmc1_out[LA_p][27] fmc1_out[LA_p][26] fmc1_out[LA_p][25] fmc1_out[LA_p][24] fmc1_out[LA_p][23] fmc1_out[LA_p][22] fmc1_out[LA_p][21] fmc1_out[LA_p][20] fmc1_out[LA_p][19] fmc1_out[LA_p][18] fmc1_out[LA_p][17] fmc1_out[LA_p][16] fmc1_out[LA_p][15] fmc1_out[LA_p][14] fmc1_out[LA_p][13] fmc1_out[LA_p][12] fmc1_out[LA_p][10] fmc1_out[LA_p][6] fmc1_out[LA_p][3] fmc1_out[LA_p][2] fmc1_out[LA_p][1] fmc1_out[LA_p][0]
Related violations: <none>

PLIO-7#1 Warning
Placement Constraints Check for IO constraints  
An IO Bus fmc1_in[LA_n][33:0] with more than one IO standard is found. Components associated with this bus are:  fmc1_in[LA_n][33] of IOStandard LVDS_25; fmc1_in[LA_n][32] of IOStandard LVCMOS18; fmc1_in[LA_n][31] of IOStandard LVCMOS18; fmc1_in[LA_n][30] of IOStandard LVCMOS18; fmc1_in[LA_n][29] of IOStandard LVCMOS18; fmc1_in[LA_n][28] of IOStandard LVCMOS18; fmc1_in[LA_n][27] of IOStandard LVCMOS18; fmc1_in[LA_n][26] of IOStandard LVCMOS18; fmc1_in[LA_n][25] of IOStandard LVCMOS18; fmc1_in[LA_n][24] of IOStandard LVCMOS18; fmc1_in[LA_n][23] of IOStandard LVCMOS18; fmc1_in[LA_n][22] of IOStandard LVCMOS18; fmc1_in[LA_n][21] of IOStandard LVCMOS18; fmc1_in[LA_n][20] of IOStandard LVDS_25; fmc1_in[LA_n][19] of IOStandard LVCMOS18; fmc1_in[LA_n][18] of IOStandard LVCMOS18; fmc1_in[LA_n][17] of IOStandard LVCMOS18; fmc1_in[LA_n][16] of IOStandard LVDS_25; fmc1_in[LA_n][15] of IOStandard LVCMOS18; fmc1_in[LA_n][14] of IOStandard LVCMOS18; fmc1_in[LA_n][13] of IOStandard LVCMOS18; fmc1_in[LA_n][12] of IOStandard LVCMOS18; fmc1_in[LA_n][11] of IOStandard LVCMOS18; fmc1_in[LA_n][10] of IOStandard LVCMOS18; fmc1_in[LA_n][9] of IOStandard LVCMOS18; fmc1_in[LA_n][8] of IOStandard LVCMOS18; fmc1_in[LA_n][7] of IOStandard LVCMOS18; fmc1_in[LA_n][6] of IOStandard LVCMOS18; fmc1_in[LA_n][5] of IOStandard LVCMOS18; fmc1_in[LA_n][4] of IOStandard LVCMOS18; fmc1_in[LA_n][3] of IOStandard LVDS_25; fmc1_in[LA_n][2] of IOStandard LVCMOS18; fmc1_in[LA_n][1] of IOStandard LVCMOS18; fmc1_in[LA_n][0] of IOStandard LVDS_25;
Related violations: <none>

PLIO-7#2 Warning
Placement Constraints Check for IO constraints  
An IO Bus fmc1_in[LA_p][33:0] with more than one IO standard is found. Components associated with this bus are:  fmc1_in[LA_p][33] of IOStandard LVDS_25; fmc1_in[LA_p][32] of IOStandard LVCMOS18; fmc1_in[LA_p][31] of IOStandard LVCMOS18; fmc1_in[LA_p][30] of IOStandard LVCMOS18; fmc1_in[LA_p][29] of IOStandard LVCMOS18; fmc1_in[LA_p][28] of IOStandard LVCMOS18; fmc1_in[LA_p][27] of IOStandard LVCMOS18; fmc1_in[LA_p][26] of IOStandard LVCMOS18; fmc1_in[LA_p][25] of IOStandard LVCMOS18; fmc1_in[LA_p][24] of IOStandard LVCMOS18; fmc1_in[LA_p][23] of IOStandard LVCMOS18; fmc1_in[LA_p][22] of IOStandard LVCMOS18; fmc1_in[LA_p][21] of IOStandard LVCMOS18; fmc1_in[LA_p][20] of IOStandard LVDS_25; fmc1_in[LA_p][19] of IOStandard LVCMOS18; fmc1_in[LA_p][18] of IOStandard LVCMOS18; fmc1_in[LA_p][17] of IOStandard LVCMOS18; fmc1_in[LA_p][16] of IOStandard LVDS_25; fmc1_in[LA_p][15] of IOStandard LVCMOS18; fmc1_in[LA_p][14] of IOStandard LVCMOS18; fmc1_in[LA_p][13] of IOStandard LVCMOS18; fmc1_in[LA_p][12] of IOStandard LVCMOS18; fmc1_in[LA_p][11] of IOStandard LVCMOS18; fmc1_in[LA_p][10] of IOStandard LVCMOS18; fmc1_in[LA_p][9] of IOStandard LVCMOS18; fmc1_in[LA_p][8] of IOStandard LVCMOS18; fmc1_in[LA_p][7] of IOStandard LVCMOS18; fmc1_in[LA_p][6] of IOStandard LVCMOS18; fmc1_in[LA_p][5] of IOStandard LVCMOS18; fmc1_in[LA_p][4] of IOStandard LVCMOS18; fmc1_in[LA_p][3] of IOStandard LVDS_25; fmc1_in[LA_p][2] of IOStandard LVCMOS18; fmc1_in[LA_p][1] of IOStandard LVCMOS18; fmc1_in[LA_p][0] of IOStandard LVDS_25;
Related violations: <none>

PLIO-7#3 Warning
Placement Constraints Check for IO constraints  
An IO Bus fmc1_out[LA_n][33:0] with more than one IO standard is found. Components associated with this bus are:  fmc1_out[LA_n][33] of IOStandard LVCMOS18; fmc1_out[LA_n][32] of IOStandard LVCMOS18; fmc1_out[LA_n][31] of IOStandard LVCMOS18; fmc1_out[LA_n][30] of IOStandard LVCMOS25; fmc1_out[LA_n][29] of IOStandard LVDS_25; fmc1_out[LA_n][28] of IOStandard LVDS_25; fmc1_out[LA_n][27] of IOStandard LVCMOS18; fmc1_out[LA_n][26] of IOStandard LVCMOS18; fmc1_out[LA_n][25] of IOStandard LVCMOS18; fmc1_out[LA_n][24] of IOStandard LVCMOS25; fmc1_out[LA_n][23] of IOStandard LVCMOS18; fmc1_out[LA_n][22] of IOStandard LVCMOS18; fmc1_out[LA_n][21] of IOStandard LVCMOS18; fmc1_out[LA_n][20] of IOStandard LVCMOS18; fmc1_out[LA_n][19] of IOStandard LVCMOS18; fmc1_out[LA_n][18] of IOStandard LVCMOS18; fmc1_out[LA_n][17] of IOStandard LVCMOS18; fmc1_out[LA_n][16] of IOStandard LVCMOS18; fmc1_out[LA_n][15] of IOStandard LVCMOS25; fmc1_out[LA_n][14] of IOStandard LVCMOS18; fmc1_out[LA_n][13] of IOStandard LVCMOS18; fmc1_out[LA_n][12] of IOStandard LVCMOS18; fmc1_out[LA_n][11] of IOStandard LVCMOS18; fmc1_out[LA_n][10] of IOStandard LVCMOS18; fmc1_out[LA_n][9] of IOStandard LVCMOS25; fmc1_out[LA_n][8] of IOStandard LVDS_25; fmc1_out[LA_n][7] of IOStandard LVDS_25; fmc1_out[LA_n][6] of IOStandard LVCMOS25; fmc1_out[LA_n][5] of IOStandard LVCMOS25; fmc1_out[LA_n][4] of IOStandard LVDS_25; fmc1_out[LA_n][3] of IOStandard LVCMOS18; fmc1_out[LA_n][2] of IOStandard LVCMOS18; fmc1_out[LA_n][1] of IOStandard LVCMOS18; fmc1_out[LA_n][0] of IOStandard LVCMOS18;
Related violations: <none>

PLIO-7#4 Warning
Placement Constraints Check for IO constraints  
An IO Bus fmc1_out[LA_p][33:0] with more than one IO standard is found. Components associated with this bus are:  fmc1_out[LA_p][33] of IOStandard LVCMOS18; fmc1_out[LA_p][32] of IOStandard LVCMOS18; fmc1_out[LA_p][31] of IOStandard LVCMOS18; fmc1_out[LA_p][30] of IOStandard LVCMOS25; fmc1_out[LA_p][29] of IOStandard LVDS_25; fmc1_out[LA_p][28] of IOStandard LVDS_25; fmc1_out[LA_p][27] of IOStandard LVCMOS18; fmc1_out[LA_p][26] of IOStandard LVCMOS18; fmc1_out[LA_p][25] of IOStandard LVCMOS18; fmc1_out[LA_p][24] of IOStandard LVCMOS18; fmc1_out[LA_p][23] of IOStandard LVCMOS18; fmc1_out[LA_p][22] of IOStandard LVCMOS18; fmc1_out[LA_p][21] of IOStandard LVCMOS18; fmc1_out[LA_p][20] of IOStandard LVCMOS18; fmc1_out[LA_p][19] of IOStandard LVCMOS18; fmc1_out[LA_p][18] of IOStandard LVCMOS18; fmc1_out[LA_p][17] of IOStandard LVCMOS18; fmc1_out[LA_p][16] of IOStandard LVCMOS18; fmc1_out[LA_p][15] of IOStandard LVCMOS18; fmc1_out[LA_p][14] of IOStandard LVCMOS18; fmc1_out[LA_p][13] of IOStandard LVCMOS18; fmc1_out[LA_p][12] of IOStandard LVCMOS18; fmc1_out[LA_p][11] of IOStandard LVCMOS25; fmc1_out[LA_p][10] of IOStandard LVCMOS18; fmc1_out[LA_p][9] of IOStandard LVCMOS25; fmc1_out[LA_p][8] of IOStandard LVDS_25; fmc1_out[LA_p][7] of IOStandard LVDS_25; fmc1_out[LA_p][6] of IOStandard LVCMOS18; fmc1_out[LA_p][5] of IOStandard LVCMOS25; fmc1_out[LA_p][4] of IOStandard LVDS_25; fmc1_out[LA_p][3] of IOStandard LVCMOS18; fmc1_out[LA_p][2] of IOStandard LVCMOS18; fmc1_out[LA_p][1] of IOStandard LVCMOS18; fmc1_out[LA_p][0] of IOStandard LVCMOS18;
Related violations: <none>

RPBF-3#1 Warning
IO port buffering is incomplete  
Device port vadj2_clk_updaten_o expects both input and output buffering but the buffers are incomplete.
Related violations: <none>

RTSTAT-10#1 Warning
No routable loads  
8 net(s) have no routable loads. The problem net(s) are fmc1_dio_raw_o[2], fmc1_dio_raw_o[3], fmc1_dio_raw_o[4], vio_boot_inst/inst/PROBE_OUT_ALL_INST/G_PROBE_OUT[0].PROBE_OUT0_INST/out[3], vio_boot_inst/inst/PROBE_OUT_ALL_INST/G_PROBE_OUT[0].PROBE_OUT0_INST/out[4], vio_boot_inst/inst/PROBE_OUT_ALL_INST/G_PROBE_OUT[0].PROBE_OUT0_INST/out[5], vio_boot_inst/inst/PROBE_OUT_ALL_INST/G_PROBE_OUT[0].PROBE_OUT0_INST/out[6], vio_boot_inst/inst/PROBE_OUT_ALL_INST/G_PROBE_OUT[0].PROBE_OUT0_INST/out[7].
Related violations: <none>


