INFO: [VRFC 10-163] Analyzing VHDL file "D:/Devel/projekty/TMS/lnls_out/lnls_bpm/lnls_bpm.srcs/sources_1/ip/chipscope_ila/sim/chipscope_ila.vhd" into library xil_defaultlib
INFO: [VRFC 10-307] analyzing entity chipscope_ila
INFO: [VRFC 10-163] Analyzing VHDL file "D:/Devel/projekty/TMS/lnls_out/lnls_bpm/lnls_bpm.srcs/sources_1/ip/vio_boot/sim/vio_boot.vhd" into library xil_defaultlib
INFO: [VRFC 10-307] analyzing entity vio_boot
INFO: [VRFC 10-163] Analyzing VHDL file "D:/Devel/projekty/TMS/lnls_out/import/genram_pkg.vhd" into library xil_defaultlib
INFO: [VRFC 10-163] Analyzing VHDL file "D:/Devel/projekty/TMS/lnls_out/import/wishbone_pkg.vhd" into library xil_defaultlib
INFO: [VRFC 10-163] Analyzing VHDL file "D:/Devel/projekty/TMS/lnls_out/import/simple_uart_pkg.vhd" into library xil_defaultlib
INFO: [VRFC 10-163] Analyzing VHDL file "D:/Devel/projekty/TMS/lnls_out/import/wb_stream_pkg.vhd" into library xil_defaultlib
INFO: [VRFC 10-163] Analyzing VHDL file "D:/Devel/projekty/TMS/lnls_out/import/gencores_pkg.vhd" into library xil_defaultlib
INFO: [VRFC 10-163] Analyzing VHDL file "D:/Devel/projekty/TMS/lnls_out/import/wr_fabric_pkg.vhd" into library xil_defaultlib
INFO: [VRFC 10-163] Analyzing VHDL file "D:/Devel/projekty/TMS/lnls_out/import/wb_stream_generic_pkg.vhd" into library xil_defaultlib
INFO: [VRFC 10-163] Analyzing VHDL file "D:/Devel/projekty/TMS/lnls_out/import/memory_loader_pkg.vhd" into library xil_defaultlib
INFO: [VRFC 10-163] Analyzing VHDL file "D:/Devel/projekty/TMS/lnls_out/import/fmc_adc_pkg.vhd" into library xil_defaultlib
INFO: [VRFC 10-163] Analyzing VHDL file "D:/Devel/projekty/TMS/lnls_out/import/acq_core_pkg.vhd" into library xil_defaultlib
INFO: [VRFC 10-163] Analyzing VHDL file "D:/Devel/projekty/TMS/lnls_out/import/spi2wbm_pkg.vhd" into library xil_defaultlib
INFO: [VRFC 10-163] Analyzing VHDL file "D:/Devel/projekty/TMS/lnls_out/import/dbe_wishbone_pkg.vhd" into library xil_defaultlib
INFO: [VRFC 10-163] Analyzing VHDL file "D:/Devel/projekty/TMS/lnls_out/import/bpm_pcie_a7_const_pkg.vhd" into library xil_defaultlib
INFO: [VRFC 10-163] Analyzing VHDL file "D:/Devel/projekty/TMS/lnls_out/import/project.vhd" into library xil_defaultlib
INFO: [VRFC 10-163] Analyzing VHDL file "D:/Devel/projekty/TMS/lnls_out/import/position_calc_uvx_const_pkg.vhd" into library xil_defaultlib
INFO: [VRFC 10-163] Analyzing VHDL file "D:/Devel/projekty/TMS/lnls_out/import/dsp_cores_pkg.vhd" into library xil_defaultlib
INFO: [VRFC 10-163] Analyzing VHDL file "D:/Devel/projekty/TMS/lnls_out/import/dbe_common_pkg.vhd" into library xil_defaultlib
INFO: [VRFC 10-163] Analyzing VHDL file "D:/Devel/projekty/TMS/lnls_out/import/bpm_pcie_a7_pkg.vhd" into library xil_defaultlib
INFO: [VRFC 10-163] Analyzing VHDL file "D:/Devel/projekty/TMS/lnls_out/lnls_bpm/lnls_bpm.srcs/sources_1/new/afc_pkg.vhd" into library xil_defaultlib
INFO: [VRFC 10-163] Analyzing VHDL file "D:/Devel/projekty/TMS/lnls_out/import/wb_pos_calc_regs_pkg.vhd" into library xil_defaultlib
INFO: [VRFC 10-163] Analyzing VHDL file "D:/Devel/projekty/TMS/lnls_out/import/wb_bpm_swap_regs_pkg.vhd" into library xil_defaultlib
INFO: [VRFC 10-163] Analyzing VHDL file "D:/Devel/projekty/TMS/lnls_out/import/v6abb64Package_efifo_elink.vhd" into library xil_defaultlib
INFO: [VRFC 10-163] Analyzing VHDL file "D:/Devel/projekty/TMS/lnls_out/import/s7_fifo_pkg.vhd" into library xil_defaultlib
INFO: [VRFC 10-163] Analyzing VHDL file "D:/Devel/projekty/TMS/lnls_out/import/position_calc_core_pkg.vhd" into library xil_defaultlib
INFO: [VRFC 10-163] Analyzing VHDL file "D:/Devel/projekty/TMS/lnls_out/import/machine_pkg.vhd" into library xil_defaultlib
INFO: [VRFC 10-163] Analyzing VHDL file "D:/Devel/projekty/TMS/lnls_out/import/fmc_adc_private_pkg.vhd" into library xil_defaultlib
INFO: [VRFC 10-163] Analyzing VHDL file "D:/Devel/projekty/TMS/lnls_out/import/fmc_130m_4ch_regs_pkg.vhd" into library xil_defaultlib
INFO: [VRFC 10-163] Analyzing VHDL file "D:/Devel/projekty/TMS/lnls_out/import/conv_pkg.vhd" into library xil_defaultlib
INFO: [VRFC 10-163] Analyzing VHDL file "D:/Devel/projekty/TMS/lnls_out/import/bpm_pcie_a7_priv_pkg.vhd" into library xil_defaultlib
INFO: [VRFC 10-163] Analyzing VHDL file "D:/Devel/projekty/TMS/lnls_out/import/acq_core_regs_pkg.vhd" into library xil_defaultlib
INFO: [VRFC 10-163] Analyzing VHDL file "D:/Devel/projekty/TMS/lnls_out/import/fmc-hdl/general/fmc_general_pkg.vhd" into library xil_defaultlib
INFO: [VRFC 10-163] Analyzing VHDL file "D:/Devel/projekty/TMS/lnls_out/import/fmc-hdl/general/fmc_pinpair_idelay.vhd" into library xil_defaultlib
INFO: [VRFC 10-307] analyzing entity fmc_adapter_idelay
INFO: [VRFC 10-163] Analyzing VHDL file "D:/Devel/projekty/TMS/lnls_out/import/lobi-ip_cores/wishbone/wishbone_gsi_lobi_pkg.vhd" into library xil_defaultlib
